# JRE version: OpenJDK Runtime Environment Temurin-21.0.6+7 (21.0.6+7) (build 21.0.6+7-LTS)
# Java VM: OpenJDK 64-Bit Server VM Temurin-21.0.6+7 (21.0.6+7-LTS, mixed mode, sharing, tiered, compressed oops, compressed class ptrs, parallel gc, windows-amd64)
GC Precious Log:
 CardTable entry size: 512
 CPUs: 8 total, 8 available
 Memory: 8022M
 Large Page Support: Disabled
 NUMA Support: Disabled
 Compressed Oops: Enabled (32-bit)
 Alignments: Space 512K, Generation 512K, Heap 2M
 Heap Min Capacity: 100M
 Heap Initial Capacity: 100M
 Heap Max Capacity: 1G
 Pre-touch: Disabled
 Parallel Workers: 8
Heap:
 PSYoungGen      total 14336K, used 14316K [0x00000000eab00000, 0x00000000ebd80000, 0x0000000100000000)
  eden space 10752K, 100% used [0x00000000eab00000,0x00000000eb580000,0x00000000eb580000)
  from space 3584K, 99% used [0x00000000eb580000,0x00000000eb8fb008,0x00000000eb900000)
  to   space 4096K, 90% used [0x00000000eb980000,0x00000000ebd23008,0x00000000ebd80000)
 ParOldGen       total 395264K, used 395261K [0x00000000c0000000, 0x00000000d8200000, 0x00000000eab00000)
  object space 395264K, 99% used [0x00000000c0000000,0x00000000d81ff5f8,0x00000000d8200000)
 Metaspace       used 69552K, committed 71040K, reserved 1114112K
  class space    used 7102K, committed 7808K, reserved 1048576K
GC Heap History (20 events):
Event: 151.070 GC heap before
{Heap before GC invocations=781 (full 5):
 PSYoungGen      total 13824K, used 12348K [0x00000000eab00000, 0x00000000ebb80000, 0x0000000100000000)
  eden space 10240K, 100% used [0x00000000eab00000,0x00000000eb500000,0x00000000eb500000)
  from space 3584K, 58% used [0x00000000eb500000,0x00000000eb70f3b0,0x00000000eb880000)
  to   space 2560K, 0% used [0x00000000eb900000,0x00000000eb900000,0x00000000ebb80000)
 ParOldGen       total 392192K, used 391804K [0x00000000c0000000, 0x00000000d7f00000, 0x00000000eab00000)
  object space 392192K, 99% used [0x00000000c0000000,0x00000000d7e9f360,0x00000000d7f00000)
 Metaspace       used 69529K, committed 71040K, reserved 1114112K
  class space    used 7101K, committed 7808K, reserved 1048576K
}
Event: 151.076 GC heap after
{Heap after GC invocations=781 (full 5):
 PSYoungGen      total 14336K, used 2342K [0x00000000eab00000, 0x00000000ebb80000, 0x0000000100000000)
  eden space 11776K, 0% used [0x00000000eab00000,0x00000000eab00000,0x00000000eb680000)
  from space 2560K, 91% used [0x00000000eb900000,0x00000000ebb49ab0,0x00000000ebb80000)
  to   space 2560K, 0% used [0x00000000eb680000,0x00000000eb680000,0x00000000eb900000)
 ParOldGen       total 392192K, used 391908K [0x00000000c0000000, 0x00000000d7f00000, 0x00000000eab00000)
  object space 392192K, 99% used [0x00000000c0000000,0x00000000d7eb9360,0x00000000d7f00000)
 Metaspace       used 69529K, committed 71040K, reserved 1114112K
  class space    used 7101K, committed 7808K, reserved 1048576K
}
Event: 151.144 GC heap before
{Heap before GC invocations=782 (full 5):
 PSYoungGen      total 14336K, used 14118K [0x00000000eab00000, 0x00000000ebb80000, 0x0000000100000000)
  eden space 11776K, 100% used [0x00000000eab00000,0x00000000eb680000,0x00000000eb680000)
  from space 2560K, 91% used [0x00000000eb900000,0x00000000ebb49ab0,0x00000000ebb80000)
  to   space 2560K, 0% used [0x00000000eb680000,0x00000000eb680000,0x00000000eb900000)
 ParOldGen       total 392192K, used 391908K [0x00000000c0000000, 0x00000000d7f00000, 0x00000000eab00000)
  object space 392192K, 99% used [0x00000000c0000000,0x00000000d7eb9360,0x00000000d7f00000)
 Metaspace       used 69537K, committed 71040K, reserved 1114112K
  class space    used 7102K, committed 7808K, reserved 1048576K
}
Event: 151.150 GC heap after
{Heap after GC invocations=782 (full 5):
 PSYoungGen      total 14336K, used 2485K [0x00000000eab00000, 0x00000000ebd00000, 0x0000000100000000)
  eden space 11776K, 0% used [0x00000000eab00000,0x00000000eab00000,0x00000000eb680000)
  from space 2560K, 97% used [0x00000000eb680000,0x00000000eb8ed790,0x00000000eb900000)
  to   space 2560K, 0% used [0x00000000eba80000,0x00000000eba80000,0x00000000ebd00000)
 ParOldGen       total 392192K, used 392060K [0x00000000c0000000, 0x00000000d7f00000, 0x00000000eab00000)
  object space 392192K, 99% used [0x00000000c0000000,0x00000000d7edf360,0x00000000d7f00000)
 Metaspace       used 69537K, committed 71040K, reserved 1114112K
  class space    used 7102K, committed 7808K, reserved 1048576K
}
Event: 151.246 GC heap before
{Heap before GC invocations=783 (full 5):
 PSYoungGen      total 14336K, used 14261K [0x00000000eab00000, 0x00000000ebd00000, 0x0000000100000000)
  eden space 11776K, 100% used [0x00000000eab00000,0x00000000eb680000,0x00000000eb680000)
  from space 2560K, 97% used [0x00000000eb680000,0x00000000eb8ed790,0x00000000eb900000)
  to   space 2560K, 0% used [0x00000000eba80000,0x00000000eba80000,0x00000000ebd00000)
 ParOldGen       total 392192K, used 392060K [0x00000000c0000000, 0x00000000d7f00000, 0x00000000eab00000)
  object space 392192K, 99% used [0x00000000c0000000,0x00000000d7edf360,0x00000000d7f00000)
 Metaspace       used 69540K, committed 71040K, reserved 1114112K
  class space    used 7102K, committed 7808K, reserved 1048576K
}
Event: 151.255 GC heap after
{Heap after GC invocations=783 (full 5):
 PSYoungGen      total 14336K, used 2549K [0x00000000eab00000, 0x00000000ebd00000, 0x0000000100000000)
  eden space 11776K, 0% used [0x00000000eab00000,0x00000000eab00000,0x00000000eb680000)
  from space 2560K, 99% used [0x00000000eba80000,0x00000000ebcfd550,0x00000000ebd00000)
  to   space 2560K, 0% used [0x00000000eb680000,0x00000000eb680000,0x00000000eb900000)
 ParOldGen       total 392192K, used 392172K [0x00000000c0000000, 0x00000000d7f00000, 0x00000000eab00000)
  object space 392192K, 99% used [0x00000000c0000000,0x00000000d7efb360,0x00000000d7f00000)
 Metaspace       used 69540K, committed 71040K, reserved 1114112K
  class space    used 7102K, committed 7808K, reserved 1048576K
}
Event: 151.406 GC heap before
{Heap before GC invocations=784 (full 5):
 PSYoungGen      total 14336K, used 14325K [0x00000000eab00000, 0x00000000ebd00000, 0x0000000100000000)
  eden space 11776K, 100% used [0x00000000eab00000,0x00000000eb680000,0x00000000eb680000)
  from space 2560K, 99% used [0x00000000eba80000,0x00000000ebcfd550,0x00000000ebd00000)
  to   space 2560K, 0% used [0x00000000eb680000,0x00000000eb680000,0x00000000eb900000)
 ParOldGen       total 392192K, used 392172K [0x00000000c0000000, 0x00000000d7f00000, 0x00000000eab00000)
  object space 392192K, 99% used [0x00000000c0000000,0x00000000d7efb360,0x00000000d7f00000)
 Metaspace       used 69541K, committed 71040K, reserved 1114112K
  class space    used 7102K, committed 7808K, reserved 1048576K
}
Event: 151.414 GC heap after
{Heap after GC invocations=784 (full 5):
 PSYoungGen      total 14336K, used 2539K [0x00000000eab00000, 0x00000000ebc80000, 0x0000000100000000)
  eden space 11776K, 0% used [0x00000000eab00000,0x00000000eab00000,0x00000000eb680000)
  from space 2560K, 99% used [0x00000000eb680000,0x00000000eb8faf30,0x00000000eb900000)
  to   space 3072K, 0% used [0x00000000eb980000,0x00000000eb980000,0x00000000ebc80000)
 ParOldGen       total 392704K, used 392540K [0x00000000c0000000, 0x00000000d7f80000, 0x00000000eab00000)
  object space 392704K, 99% used [0x00000000c0000000,0x00000000d7f57360,0x00000000d7f80000)
 Metaspace       used 69541K, committed 71040K, reserved 1114112K
  class space    used 7102K, committed 7808K, reserved 1048576K
}
Event: 151.518 GC heap before
{Heap before GC invocations=785 (full 5):
 PSYoungGen      total 14336K, used 14315K [0x00000000eab00000, 0x00000000ebc80000, 0x0000000100000000)
  eden space 11776K, 100% used [0x00000000eab00000,0x00000000eb680000,0x00000000eb680000)
  from space 2560K, 99% used [0x00000000eb680000,0x00000000eb8faf30,0x00000000eb900000)
  to   space 3072K, 0% used [0x00000000eb980000,0x00000000eb980000,0x00000000ebc80000)
 ParOldGen       total 392704K, used 392540K [0x00000000c0000000, 0x00000000d7f80000, 0x00000000eab00000)
  object space 392704K, 99% used [0x00000000c0000000,0x00000000d7f57360,0x00000000d7f80000)
 Metaspace       used 69543K, committed 71040K, reserved 1114112K
  class space    used 7102K, committed 7808K, reserved 1048576K
}
Event: 151.524 GC heap after
{Heap after GC invocations=785 (full 5):
 PSYoungGen      total 14848K, used 2803K [0x00000000eab00000, 0x00000000ebc80000, 0x0000000100000000)
  eden space 11776K, 0% used [0x00000000eab00000,0x00000000eab00000,0x00000000eb680000)
  from space 3072K, 91% used [0x00000000eb980000,0x00000000ebc3cc10,0x00000000ebc80000)
  to   space 3072K, 0% used [0x00000000eb680000,0x00000000eb680000,0x00000000eb980000)
 ParOldGen       total 393216K, used 392876K [0x00000000c0000000, 0x00000000d8000000, 0x00000000eab00000)
  object space 393216K, 99% used [0x00000000c0000000,0x00000000d7fab360,0x00000000d8000000)
 Metaspace       used 69543K, committed 71040K, reserved 1114112K
  class space    used 7102K, committed 7808K, reserved 1048576K
}
Event: 151.653 GC heap before
{Heap before GC invocations=786 (full 5):
 PSYoungGen      total 14848K, used 14579K [0x00000000eab00000, 0x00000000ebc80000, 0x0000000100000000)
  eden space 11776K, 100% used [0x00000000eab00000,0x00000000eb680000,0x00000000eb680000)
  from space 3072K, 91% used [0x00000000eb980000,0x00000000ebc3cc10,0x00000000ebc80000)
  to   space 3072K, 0% used [0x00000000eb680000,0x00000000eb680000,0x00000000eb980000)
 ParOldGen       total 393216K, used 392892K [0x00000000c0000000, 0x00000000d8000000, 0x00000000eab00000)
  object space 393216K, 99% used [0x00000000c0000000,0x00000000d7faf370,0x00000000d8000000)
 Metaspace       used 69543K, committed 71040K, reserved 1114112K
  class space    used 7102K, committed 7808K, reserved 1048576K
}
Event: 151.658 GC heap after
{Heap after GC invocations=786 (full 5):
 PSYoungGen      total 14848K, used 3069K [0x00000000eab00000, 0x00000000ebc80000, 0x0000000100000000)
  eden space 11776K, 0% used [0x00000000eab00000,0x00000000eab00000,0x00000000eb680000)
  from space 3072K, 99% used [0x00000000eb680000,0x00000000eb97f760,0x00000000eb980000)
  to   space 3072K, 0% used [0x00000000eb980000,0x00000000eb980000,0x00000000ebc80000)
 ParOldGen       total 393216K, used 393116K [0x00000000c0000000, 0x00000000d8000000, 0x00000000eab00000)
  object space 393216K, 99% used [0x00000000c0000000,0x00000000d7fe7370,0x00000000d8000000)
 Metaspace       used 69543K, committed 71040K, reserved 1114112K
  class space    used 7102K, committed 7808K, reserved 1048576K
}
Event: 151.809 GC heap before
{Heap before GC invocations=787 (full 5):
 PSYoungGen      total 14848K, used 14845K [0x00000000eab00000, 0x00000000ebc80000, 0x0000000100000000)
  eden space 11776K, 100% used [0x00000000eab00000,0x00000000eb680000,0x00000000eb680000)
  from space 3072K, 99% used [0x00000000eb680000,0x00000000eb97f760,0x00000000eb980000)
  to   space 3072K, 0% used [0x00000000eb980000,0x00000000eb980000,0x00000000ebc80000)
 ParOldGen       total 393216K, used 393119K [0x00000000c0000000, 0x00000000d8000000, 0x00000000eab00000)
  object space 393216K, 99% used [0x00000000c0000000,0x00000000d7fe7dd8,0x00000000d8000000)
 Metaspace       used 69543K, committed 71040K, reserved 1114112K
  class space    used 7102K, committed 7808K, reserved 1048576K
}
Event: 151.814 GC heap after
{Heap after GC invocations=787 (full 5):
 PSYoungGen      total 13824K, used 3059K [0x00000000eab00000, 0x00000000ebe80000, 0x0000000100000000)
  eden space 10752K, 0% used [0x00000000eab00000,0x00000000eab00000,0x00000000eb580000)
  from space 3072K, 99% used [0x00000000eb980000,0x00000000ebc7cf60,0x00000000ebc80000)
  to   space 4096K, 0% used [0x00000000eb580000,0x00000000eb580000,0x00000000eb980000)
 ParOldGen       total 394240K, used 393807K [0x00000000c0000000, 0x00000000d8100000, 0x00000000eab00000)
  object space 394240K, 99% used [0x00000000c0000000,0x00000000d8093dd8,0x00000000d8100000)
 Metaspace       used 69543K, committed 71040K, reserved 1114112K
  class space    used 7102K, committed 7808K, reserved 1048576K
}
Event: 151.944 GC heap before
{Heap before GC invocations=788 (full 5):
 PSYoungGen      total 13824K, used 13811K [0x00000000eab00000, 0x00000000ebe80000, 0x0000000100000000)
  eden space 10752K, 100% used [0x00000000eab00000,0x00000000eb580000,0x00000000eb580000)
  from space 3072K, 99% used [0x00000000eb980000,0x00000000ebc7cf60,0x00000000ebc80000)
  to   space 4096K, 0% used [0x00000000eb580000,0x00000000eb580000,0x00000000eb980000)
 ParOldGen       total 394240K, used 393807K [0x00000000c0000000, 0x00000000d8100000, 0x00000000eab00000)
  object space 394240K, 99% used [0x00000000c0000000,0x00000000d8093dd8,0x00000000d8100000)
 Metaspace       used 69543K, committed 71040K, reserved 1114112K
  class space    used 7102K, committed 7808K, reserved 1048576K
}
Event: 151.949 GC heap after
{Heap after GC invocations=788 (full 5):
 PSYoungGen      total 13824K, used 2732K [0x00000000eab00000, 0x00000000ebc80000, 0x0000000100000000)
  eden space 10752K, 0% used [0x00000000eab00000,0x00000000eab00000,0x00000000eb580000)
  from space 3072K, 88% used [0x00000000eb580000,0x00000000eb82b008,0x00000000eb880000)
  to   space 3584K, 0% used [0x00000000eb900000,0x00000000eb900000,0x00000000ebc80000)
 ParOldGen       total 395264K, used 394733K [0x00000000c0000000, 0x00000000d8200000, 0x00000000eab00000)
  object space 395264K, 99% used [0x00000000c0000000,0x00000000d817b5f8,0x00000000d8200000)
 Metaspace       used 69543K, committed 71040K, reserved 1114112K
  class space    used 7102K, committed 7808K, reserved 1048576K
}
Event: 152.085 GC heap before
{Heap before GC invocations=789 (full 5):
 PSYoungGen      total 13824K, used 13484K [0x00000000eab00000, 0x00000000ebc80000, 0x0000000100000000)
  eden space 10752K, 100% used [0x00000000eab00000,0x00000000eb580000,0x00000000eb580000)
  from space 3072K, 88% used [0x00000000eb580000,0x00000000eb82b008,0x00000000eb880000)
  to   space 3584K, 0% used [0x00000000eb900000,0x00000000eb900000,0x00000000ebc80000)
 ParOldGen       total 395264K, used 394733K [0x00000000c0000000, 0x00000000d8200000, 0x00000000eab00000)
  object space 395264K, 99% used [0x00000000c0000000,0x00000000d817b5f8,0x00000000d8200000)
 Metaspace       used 69543K, committed 71040K, reserved 1114112K
  class space    used 7102K, committed 7808K, reserved 1048576K
}
Event: 152.089 GC heap after
{Heap after GC invocations=789 (full 5):
 PSYoungGen      total 14336K, used 3435K [0x00000000eab00000, 0x00000000ebc80000, 0x0000000100000000)
  eden space 10752K, 0% used [0x00000000eab00000,0x00000000eab00000,0x00000000eb580000)
  from space 3584K, 95% used [0x00000000eb900000,0x00000000ebc5acd0,0x00000000ebc80000)
  to   space 3584K, 0% used [0x00000000eb580000,0x00000000eb580000,0x00000000eb900000)
 ParOldGen       total 395264K, used 394733K [0x00000000c0000000, 0x00000000d8200000, 0x00000000eab00000)
  object space 395264K, 99% used [0x00000000c0000000,0x00000000d817b5f8,0x00000000d8200000)
 Metaspace       used 69543K, committed 71040K, reserved 1114112K
  class space    used 7102K, committed 7808K, reserved 1048576K
}
Event: 152.150 GC heap before
{Heap before GC invocations=790 (full 5):
 PSYoungGen      total 14336K, used 14187K [0x00000000eab00000, 0x00000000ebc80000, 0x0000000100000000)
  eden space 10752K, 100% used [0x00000000eab00000,0x00000000eb580000,0x00000000eb580000)
  from space 3584K, 95% used [0x00000000eb900000,0x00000000ebc5acd0,0x00000000ebc80000)
  to   space 3584K, 0% used [0x00000000eb580000,0x00000000eb580000,0x00000000eb900000)
 ParOldGen       total 395264K, used 394733K [0x00000000c0000000, 0x00000000d8200000, 0x00000000eab00000)
  object space 395264K, 99% used [0x00000000c0000000,0x00000000d817b5f8,0x00000000d8200000)
 Metaspace       used 69552K, committed 71040K, reserved 1114112K
  class space    used 7102K, committed 7808K, reserved 1048576K
}
Event: 152.155 GC heap after
{Heap after GC invocations=790 (full 5):
 PSYoungGen      total 14336K, used 3564K [0x00000000eab00000, 0x00000000ebd80000, 0x0000000100000000)
  eden space 10752K, 0% used [0x00000000eab00000,0x00000000eab00000,0x00000000eb580000)
  from space 3584K, 99% used [0x00000000eb580000,0x00000000eb8fb008,0x00000000eb900000)
  to   space 4096K, 0% used [0x00000000eb980000,0x00000000eb980000,0x00000000ebd80000)
 ParOldGen       total 395264K, used 394845K [0x00000000c0000000, 0x00000000d8200000, 0x00000000eab00000)
  object space 395264K, 99% used [0x00000000c0000000,0x00000000d81975f8,0x00000000d8200000)
 Metaspace       used 69552K, committed 71040K, reserved 1114112K
  class space    used 7102K, committed 7808K, reserved 1048576K
}

